<?xml version="1.0" encoding="UTF-8"?>
<!-- Generated by org.testng.reporters.JUnitReportReporter -->
<testsuite hostname="LAPTOP-CRDJTGGI" failures="0" tests="1" name="com.assignment.ecommerce.flipkartTest" time="28.286" errors="0" timestamp="2024-03-06T14:42:17 IST" skipped="0">
  <testcase classname="com.assignment.ecommerce.flipkartTest" name="test" time="28.286"/>
  <system-out/>
</testsuite> <!-- com.assignment.ecommerce.flipkartTest -->
